<?xml version="1.0" encoding="UTF-8"?>
<!-- Generated by org.testng.reporters.JUnitXMLReporter -->
<testsuite ignored="0" hostname="192.168.1.2" failures="1" tests="1" name="Default test" time="67.998" errors="0" timestamp="2024-03-10T19:23:52 IST">
  <testcase classname="read_tags.Newtestmain" name="read_data" time="67.941">
    <failure type="org.openqa.selenium.SessionNotCreatedException" message="session not created: DevToolsActivePort file doesn&amp;apos;t exist
Build info: version: &amp;apos;3.141.59&amp;apos;, revision: &amp;apos;e82be7d358&amp;apos;, time: &amp;apos;2018-11-14T08:25:48&amp;apos;
System info: host: &amp;apos;192.168.1.2&amp;apos;, ip: &amp;apos;fe80:0:0:0:4c6:fa5:d891:67fa%en0&amp;apos;, os.name: &amp;apos;Mac OS X&amp;apos;, os.arch: &amp;apos;x86_64&amp;apos;, os.version: &amp;apos;10.16&amp;apos;, java.version: &amp;apos;15.0.2&amp;apos;
Driver info: driver.version: ChromeDriver
remote stacktrace: 0   chromedriver                        0x00000001033edd28 chromedriver + 4795688
1   chromedriver                        0x00000001033e52b3 chromedriver + 4760243
2   chromedriver                        0x0000000102fbe88d chromedriver + 407693
3   chromedriver                        0x0000000102ffa9a7 chromedriver + 653735
4   chromedriver                        0x0000000102ff676e chromedriver + 636782
5   chromedriver                        0x0000000102ff228c chromedriver + 619148
6   chromedriver                        0x000000010303eafb chromedriver + 932603
7   chromedriver                        0x0000000103034a73 chromedriver + 891507
8   chromedriver                        0x0000000102fff143 chromedriver + 672067
9   chromedriver                        0x000000010300031e chromedriver + 676638
10  chromedriver                        0x00000001033ae795 chromedriver + 4536213
11  chromedriver                        0x00000001033b3853 chromedriver + 4556883
12  chromedriver                        0x0000000103394001 chromedriver + 4427777
13  chromedriver                        0x00000001033b459d chromedriver + 4560285
14  chromedriver                        0x000000010338548c chromedriver + 4367500
15  chromedriver                        0x00000001033d40e8 chromedriver + 4690152
16  chromedriver                        0x00000001033d429e chromedriver + 4690590
17  chromedriver                        0x00000001033e4eee chromedriver + 4759278
18  libsystem_pthread.dylib             0x00007ff80b355202 _pthread_start + 99
19  libsystem_pthread.dylib             0x00007ff80b350bab thread_start + 15
">
      <![CDATA[org.openqa.selenium.SessionNotCreatedException: session not created: DevToolsActivePort file doesn't exist
Build info: version: '3.141.59', revision: 'e82be7d358', time: '2018-11-14T08:25:48'
System info: host: '192.168.1.2', ip: 'fe80:0:0:0:4c6:fa5:d891:67fa%en0', os.name: 'Mac OS X', os.arch: 'x86_64', os.version: '10.16', java.version: '15.0.2'
Driver info: driver.version: ChromeDriver
remote stacktrace: 0   chromedriver                        0x00000001033edd28 chromedriver + 4795688
1   chromedriver                        0x00000001033e52b3 chromedriver + 4760243
2   chromedriver                        0x0000000102fbe88d chromedriver + 407693
3   chromedriver                        0x0000000102ffa9a7 chromedriver + 653735
4   chromedriver                        0x0000000102ff676e chromedriver + 636782
5   chromedriver                        0x0000000102ff228c chromedriver + 619148
6   chromedriver                        0x000000010303eafb chromedriver + 932603
7   chromedriver                        0x0000000103034a73 chromedriver + 891507
8   chromedriver                        0x0000000102fff143 chromedriver + 672067
9   chromedriver                        0x000000010300031e chromedriver + 676638
10  chromedriver                        0x00000001033ae795 chromedriver + 4536213
11  chromedriver                        0x00000001033b3853 chromedriver + 4556883
12  chromedriver                        0x0000000103394001 chromedriver + 4427777
13  chromedriver                        0x00000001033b459d chromedriver + 4560285
14  chromedriver                        0x000000010338548c chromedriver + 4367500
15  chromedriver                        0x00000001033d40e8 chromedriver + 4690152
16  chromedriver                        0x00000001033d429e chromedriver + 4690590
17  chromedriver                        0x00000001033e4eee chromedriver + 4759278
18  libsystem_pthread.dylib             0x00007ff80b355202 _pthread_start + 99
19  libsystem_pthread.dylib             0x00007ff80b350bab thread_start + 15

at java.base/jdk.internal.reflect.NativeConstructorAccessorImpl.newInstance0(Native Method)
at java.base/jdk.internal.reflect.NativeConstructorAccessorImpl.newInstance(NativeConstructorAccessorImpl.java:64)
at java.base/jdk.internal.reflect.DelegatingConstructorAccessorImpl.newInstance(DelegatingConstructorAccessorImpl.java:45)
at java.base/java.lang.reflect.Constructor.newInstanceWithCaller(Constructor.java:500)
at java.base/java.lang.reflect.Constructor.newInstance(Constructor.java:481)
at org.openqa.selenium.remote.W3CHandshakeResponse.lambda$errorHandler$0(W3CHandshakeResponse.java:62)
at org.openqa.selenium.remote.HandshakeResponse.lambda$getResponseFunction$0(HandshakeResponse.java:30)
at org.openqa.selenium.remote.ProtocolHandshake.lambda$createSession$0(ProtocolHandshake.java:126)
at java.base/java.util.stream.ReferencePipeline$3$1.accept(ReferencePipeline.java:195)
at java.base/java.util.Spliterators$ArraySpliterator.tryAdvance(Spliterators.java:958)
at java.base/java.util.stream.ReferencePipeline.forEachWithCancel(ReferencePipeline.java:127)
at java.base/java.util.stream.AbstractPipeline.copyIntoWithCancel(AbstractPipeline.java:502)
at java.base/java.util.stream.AbstractPipeline.copyInto(AbstractPipeline.java:488)
at java.base/java.util.stream.AbstractPipeline.wrapAndCopyInto(AbstractPipeline.java:474)
at java.base/java.util.stream.FindOps$FindOp.evaluateSequential(FindOps.java:150)
at java.base/java.util.stream.AbstractPipeline.evaluate(AbstractPipeline.java:234)
at java.base/java.util.stream.ReferencePipeline.findFirst(ReferencePipeline.java:543)
at org.openqa.selenium.remote.ProtocolHandshake.createSession(ProtocolHandshake.java:128)
at org.openqa.selenium.remote.ProtocolHandshake.createSession(ProtocolHandshake.java:74)
at org.openqa.selenium.remote.HttpCommandExecutor.execute(HttpCommandExecutor.java:136)
at org.openqa.selenium.remote.service.DriverCommandExecutor.execute(DriverCommandExecutor.java:83)
at org.openqa.selenium.remote.RemoteWebDriver.execute(RemoteWebDriver.java:552)
at org.openqa.selenium.remote.RemoteWebDriver.startSession(RemoteWebDriver.java:213)
at org.openqa.selenium.remote.RemoteWebDriver.<init>(RemoteWebDriver.java:131)
at org.openqa.selenium.chrome.ChromeDriver.<init>(ChromeDriver.java:181)
at org.openqa.selenium.chrome.ChromeDriver.<init>(ChromeDriver.java:168)
at org.openqa.selenium.chrome.ChromeDriver.<init>(ChromeDriver.java:157)
at Configration_Files.WebDriverManager.startDriver(WebDriverManager.java:51)
at read_tags.Newtestmain.read_data(Newtestmain.java:21)
at java.base/jdk.internal.reflect.NativeMethodAccessorImpl.invoke0(Native Method)
at java.base/jdk.internal.reflect.NativeMethodAccessorImpl.invoke(NativeMethodAccessorImpl.java:64)
at java.base/jdk.internal.reflect.DelegatingMethodAccessorImpl.invoke(DelegatingMethodAccessorImpl.java:43)
at java.base/java.lang.reflect.Method.invoke(Method.java:564)
at org.testng.internal.MethodInvocationHelper.invokeMethod(MethodInvocationHelper.java:132)
at org.testng.internal.TestInvoker.invokeMethod(TestInvoker.java:599)
at org.testng.internal.TestInvoker.invokeTestMethod(TestInvoker.java:174)
at org.testng.internal.MethodRunner.runInSequence(MethodRunner.java:46)
at org.testng.internal.TestInvoker$MethodInvocationAgent.invoke(TestInvoker.java:822)
at org.testng.internal.TestInvoker.invokeTestMethods(TestInvoker.java:147)
at org.testng.internal.TestMethodWorker.invokeTestMethods(TestMethodWorker.java:146)
at org.testng.internal.TestMethodWorker.run(TestMethodWorker.java:128)
at java.base/java.util.ArrayList.forEach(ArrayList.java:1511)
at org.testng.TestRunner.privateRun(TestRunner.java:764)
at org.testng.TestRunner.run(TestRunner.java:585)
at org.testng.SuiteRunner.runTest(SuiteRunner.java:384)
at org.testng.SuiteRunner.runSequentially(SuiteRunner.java:378)
at org.testng.SuiteRunner.privateRun(SuiteRunner.java:337)
at org.testng.SuiteRunner.run(SuiteRunner.java:286)
at org.testng.SuiteRunnerWorker.runSuite(SuiteRunnerWorker.java:53)
at org.testng.SuiteRunnerWorker.run(SuiteRunnerWorker.java:96)
at org.testng.TestNG.runSuitesSequentially(TestNG.java:1218)
at org.testng.TestNG.runSuitesLocally(TestNG.java:1140)
at org.testng.TestNG.runSuites(TestNG.java:1069)
at org.testng.TestNG.run(TestNG.java:1037)
at org.testng.remote.AbstractRemoteTestNG.run(AbstractRemoteTestNG.java:115)
at org.testng.remote.RemoteTestNG.initAndRun(RemoteTestNG.java:251)
at org.testng.remote.RemoteTestNG.main(RemoteTestNG.java:77)
]]>
    </failure>
  </testcase> <!-- read_data -->
</testsuite> <!-- Default test -->
